[INFO  - 2020-07-04T13:37:39.198Z] GhostDriver - Main - running on port 19004
[INFO  - 2020-07-04T13:37:39.748Z] Session [87965a00-bdfb-11ea-9e13-13cf665fe693] - page.settings - {"XSSAuditingEnabled":false,"javascriptCanCloseWindows":true,"javascriptCanOpenWindows":true,"javascriptEnabled":true,"loadImages":true,"localToRemoteUrlAccessEnabled":false,"userAgent":"Mozilla/5.0 (Windows NT 6.2; WOW64) AppleWebKit/538.1 (KHTML, like Gecko) PhantomJS/2.1.1 Safari/538.1","webSecurityEnabled":false}
[INFO  - 2020-07-04T13:37:39.748Z] Session [87965a00-bdfb-11ea-9e13-13cf665fe693] - page.customHeaders:  - {}
[INFO  - 2020-07-04T13:37:39.749Z] Session [87965a00-bdfb-11ea-9e13-13cf665fe693] - Session.negotiatedCapabilities - {"browserName":"phantomjs","version":"2.1.1","driverName":"ghostdriver","driverVersion":"1.2.0","platform":"windows-10-32bit","javascriptEnabled":true,"takesScreenshot":true,"handlesAlerts":false,"databaseEnabled":false,"locationContextEnabled":false,"applicationCacheEnabled":false,"browserConnectionEnabled":false,"cssSelectorsEnabled":true,"webStorageEnabled":false,"rotatable":false,"acceptSslCerts":false,"nativeEvents":true,"proxy":{"proxyType":"direct"}}
[INFO  - 2020-07-04T13:37:39.749Z] SessionManagerReqHand - _postNewSessionCommand - New Session Created: 87965a00-bdfb-11ea-9e13-13cf665fe693
[INFO  - 2020-07-04T13:38:25.343Z] ShutdownReqHand - _handle - About to shutdown
[INFO  - 2020-07-04T13:39:30.745Z] GhostDriver - Main - running on port 12563
[INFO  - 2020-07-04T13:39:31.052Z] Session [c9edd770-bdfb-11ea-8b8e-c9893d0a1647] - page.settings - {"XSSAuditingEnabled":false,"javascriptCanCloseWindows":true,"javascriptCanOpenWindows":true,"javascriptEnabled":true,"loadImages":true,"localToRemoteUrlAccessEnabled":false,"userAgent":"Mozilla/5.0 (Windows NT 6.2; WOW64) AppleWebKit/538.1 (KHTML, like Gecko) PhantomJS/2.1.1 Safari/538.1","webSecurityEnabled":false}
[INFO  - 2020-07-04T13:39:31.052Z] Session [c9edd770-bdfb-11ea-8b8e-c9893d0a1647] - page.customHeaders:  - {}
[INFO  - 2020-07-04T13:39:31.052Z] Session [c9edd770-bdfb-11ea-8b8e-c9893d0a1647] - Session.negotiatedCapabilities - {"browserName":"phantomjs","version":"2.1.1","driverName":"ghostdriver","driverVersion":"1.2.0","platform":"windows-10-32bit","javascriptEnabled":true,"takesScreenshot":true,"handlesAlerts":false,"databaseEnabled":false,"locationContextEnabled":false,"applicationCacheEnabled":false,"browserConnectionEnabled":false,"cssSelectorsEnabled":true,"webStorageEnabled":false,"rotatable":false,"acceptSslCerts":false,"nativeEvents":true,"proxy":{"proxyType":"direct"}}
[INFO  - 2020-07-04T13:39:31.052Z] SessionManagerReqHand - _postNewSessionCommand - New Session Created: c9edd770-bdfb-11ea-8b8e-c9893d0a1647
[ERROR - 2020-07-04T13:39:44.201Z] WebElementLocator - _handleLocateCommand - Element(s) NOT Found: GAVE UP. Search Stop Time: 1593869984197
[ERROR - 2020-07-04T13:39:55.823Z] WebElementLocator - _handleLocateCommand - Element(s) NOT Found: GAVE UP. Search Stop Time: 1593869995762
[INFO  - 2020-07-04T13:39:58.286Z] ShutdownReqHand - _handle - About to shutdown
[INFO  - 2020-07-04T13:41:18.579Z] GhostDriver - Main - running on port 25702
[INFO  - 2020-07-04T13:41:18.907Z] Session [0a375c70-bdfc-11ea-9f02-4fb2fb7bcf76] - page.settings - {"XSSAuditingEnabled":false,"javascriptCanCloseWindows":true,"javascriptCanOpenWindows":true,"javascriptEnabled":true,"loadImages":true,"localToRemoteUrlAccessEnabled":false,"userAgent":"Mozilla/5.0 (Windows NT 6.2; WOW64) AppleWebKit/538.1 (KHTML, like Gecko) PhantomJS/2.1.1 Safari/538.1","webSecurityEnabled":false}
[INFO  - 2020-07-04T13:41:18.907Z] Session [0a375c70-bdfc-11ea-9f02-4fb2fb7bcf76] - page.customHeaders:  - {}
[INFO  - 2020-07-04T13:41:18.907Z] Session [0a375c70-bdfc-11ea-9f02-4fb2fb7bcf76] - Session.negotiatedCapabilities - {"browserName":"phantomjs","version":"2.1.1","driverName":"ghostdriver","driverVersion":"1.2.0","platform":"windows-10-32bit","javascriptEnabled":true,"takesScreenshot":true,"handlesAlerts":false,"databaseEnabled":false,"locationContextEnabled":false,"applicationCacheEnabled":false,"browserConnectionEnabled":false,"cssSelectorsEnabled":true,"webStorageEnabled":false,"rotatable":false,"acceptSslCerts":false,"nativeEvents":true,"proxy":{"proxyType":"direct"}}
[INFO  - 2020-07-04T13:41:18.907Z] SessionManagerReqHand - _postNewSessionCommand - New Session Created: 0a375c70-bdfc-11ea-9f02-4fb2fb7bcf76
[ERROR - 2020-07-04T13:41:33.886Z] WebElementLocator - _handleLocateCommand - Element(s) NOT Found: GAVE UP. Search Stop Time: 1593870093853
[ERROR - 2020-07-04T13:41:44.666Z] WebElementLocator - _handleLocateCommand - Element(s) NOT Found: GAVE UP. Search Stop Time: 1593870104647
[INFO  - 2020-07-04T13:41:47.125Z] ShutdownReqHand - _handle - About to shutdown
